<?xml version="1.0" encoding="UTF-8"?>
<testsuite xmlns:xsi="http://www.w3.org/2001/XMLSchema-instance" xsi:noNamespaceSchemaLocation="https://maven.apache.org/surefire/maven-surefire-plugin/xsd/surefire-test-report.xsd" name="com.example.demoli.DemooliApplicationTests" time="6.072" tests="1" errors="0" skipped="0" failures="0">
  <properties>
    <property name="sun.desktop" value="windows"/>
    <property name="awt.toolkit" value="sun.awt.windows.WToolkit"/>
    <property name="java.specification.version" value="12"/>
    <property name="sun.cpu.isalist" value="amd64"/>
    <property name="sun.jnu.encoding" value="Cp1252"/>
    <property name="java.class.path" value="C:\Users\ilona\internship-java\demoli\target\test-classes;C:\Users\ilona\internship-java\demoli\target\classes;C:\Users\ilona\.m2\repository\org\springframework\boot\spring-boot-starter-data-rest\2.2.0.M4\spring-boot-starter-data-rest-2.2.0.M4.jar;C:\Users\ilona\.m2\repository\org\springframework\data\spring-data-rest-webmvc\3.2.0.RC1\spring-data-rest-webmvc-3.2.0.RC1.jar;C:\Users\ilona\.m2\repository\org\springframework\data\spring-data-rest-core\3.2.0.RC1\spring-data-rest-core-3.2.0.RC1.jar;C:\Users\ilona\.m2\repository\org\springframework\spring-tx\5.2.0.M3\spring-tx-5.2.0.M3.jar;C:\Users\ilona\.m2\repository\org\springframework\hateoas\spring-hateoas\1.0.0.M3\spring-hateoas-1.0.0.M3.jar;C:\Users\ilona\.m2\repository\org\springframework\data\spring-data-commons\2.2.0.RC1\spring-data-commons-2.2.0.RC1.jar;C:\Users\ilona\.m2\repository\org\springframework\plugin\spring-plugin-core\2.0.0.M1\spring-plugin-core-2.0.0.M1.jar;C:\Users\ilona\.m2\repository\org\atteo\evo-inflector\1.2.2\evo-inflector-1.2.2.jar;C:\Users\ilona\.m2\repository\com\fasterxml\jackson\core\jackson-databind\2.9.9\jackson-databind-2.9.9.jar;C:\Users\ilona\.m2\repository\com\fasterxml\jackson\core\jackson-core\2.9.9\jackson-core-2.9.9.jar;C:\Users\ilona\.m2\repository\com\fasterxml\jackson\core\jackson-annotations\2.9.0\jackson-annotations-2.9.0.jar;C:\Users\ilona\.m2\repository\org\slf4j\slf4j-api\1.7.26\slf4j-api-1.7.26.jar;C:\Users\ilona\.m2\repository\org\springframework\boot\spring-boot-starter-freemarker\2.2.0.M4\spring-boot-starter-freemarker-2.2.0.M4.jar;C:\Users\ilona\.m2\repository\org\springframework\boot\spring-boot-starter\2.2.0.M4\spring-boot-starter-2.2.0.M4.jar;C:\Users\ilona\.m2\repository\org\springframework\boot\spring-boot-starter-logging\2.2.0.M4\spring-boot-starter-logging-2.2.0.M4.jar;C:\Users\ilona\.m2\repository\ch\qos\logback\logback-classic\1.2.3\logback-classic-1.2.3.jar;C:\Users\ilona\.m2\repository\ch\qos\logback\logback-core\1.2.3\logback-core-1.2.3.jar;C:\Users\ilona\.m2\repository\org\apache\logging\log4j\log4j-to-slf4j\2.11.2\log4j-to-slf4j-2.11.2.jar;C:\Users\ilona\.m2\repository\org\apache\logging\log4j\log4j-api\2.11.2\log4j-api-2.11.2.jar;C:\Users\ilona\.m2\repository\org\slf4j\jul-to-slf4j\1.7.26\jul-to-slf4j-1.7.26.jar;C:\Users\ilona\.m2\repository\jakarta\annotation\jakarta.annotation-api\1.3.4\jakarta.annotation-api-1.3.4.jar;C:\Users\ilona\.m2\repository\org\yaml\snakeyaml\1.24\snakeyaml-1.24.jar;C:\Users\ilona\.m2\repository\org\freemarker\freemarker\2.3.28\freemarker-2.3.28.jar;C:\Users\ilona\.m2\repository\org\springframework\spring-context-support\5.2.0.M3\spring-context-support-5.2.0.M3.jar;C:\Users\ilona\.m2\repository\org\springframework\spring-beans\5.2.0.M3\spring-beans-5.2.0.M3.jar;C:\Users\ilona\.m2\repository\org\springframework\spring-context\5.2.0.M3\spring-context-5.2.0.M3.jar;C:\Users\ilona\.m2\repository\org\springframework\boot\spring-boot-starter-web\2.2.0.M4\spring-boot-starter-web-2.2.0.M4.jar;C:\Users\ilona\.m2\repository\org\springframework\boot\spring-boot-starter-json\2.2.0.M4\spring-boot-starter-json-2.2.0.M4.jar;C:\Users\ilona\.m2\repository\com\fasterxml\jackson\datatype\jackson-datatype-jdk8\2.9.9\jackson-datatype-jdk8-2.9.9.jar;C:\Users\ilona\.m2\repository\com\fasterxml\jackson\datatype\jackson-datatype-jsr310\2.9.9\jackson-datatype-jsr310-2.9.9.jar;C:\Users\ilona\.m2\repository\com\fasterxml\jackson\module\jackson-module-parameter-names\2.9.9\jackson-module-parameter-names-2.9.9.jar;C:\Users\ilona\.m2\repository\org\springframework\boot\spring-boot-starter-tomcat\2.2.0.M4\spring-boot-starter-tomcat-2.2.0.M4.jar;C:\Users\ilona\.m2\repository\org\apache\tomcat\embed\tomcat-embed-core\9.0.21\tomcat-embed-core-9.0.21.jar;C:\Users\ilona\.m2\repository\org\apache\tomcat\embed\tomcat-embed-el\9.0.21\tomcat-embed-el-9.0.21.jar;C:\Users\ilona\.m2\repository\org\apache\tomcat\embed\tomcat-embed-websocket\9.0.21\tomcat-embed-websocket-9.0.21.jar;C:\Users\ilona\.m2\repository\org\springframework\boot\spring-boot-starter-validation\2.2.0.M4\spring-boot-starter-validation-2.2.0.M4.jar;C:\Users\ilona\.m2\repository\jakarta\validation\jakarta.validation-api\2.0.1\jakarta.validation-api-2.0.1.jar;C:\Users\ilona\.m2\repository\org\hibernate\validator\hibernate-validator\6.0.17.Final\hibernate-validator-6.0.17.Final.jar;C:\Users\ilona\.m2\repository\org\jboss\logging\jboss-logging\3.4.0.Final\jboss-logging-3.4.0.Final.jar;C:\Users\ilona\.m2\repository\com\fasterxml\classmate\1.5.0\classmate-1.5.0.jar;C:\Users\ilona\.m2\repository\org\springframework\spring-web\5.2.0.M3\spring-web-5.2.0.M3.jar;C:\Users\ilona\.m2\repository\org\springframework\spring-webmvc\5.2.0.M3\spring-webmvc-5.2.0.M3.jar;C:\Users\ilona\.m2\repository\org\springframework\spring-aop\5.2.0.M3\spring-aop-5.2.0.M3.jar;C:\Users\ilona\.m2\repository\org\springframework\spring-expression\5.2.0.M3\spring-expression-5.2.0.M3.jar;C:\Users\ilona\.m2\repository\org\springframework\boot\spring-boot-starter-webflux\2.2.0.M4\spring-boot-starter-webflux-2.2.0.M4.jar;C:\Users\ilona\.m2\repository\org\springframework\boot\spring-boot-starter-reactor-netty\2.2.0.M4\spring-boot-starter-reactor-netty-2.2.0.M4.jar;C:\Users\ilona\.m2\repository\io\projectreactor\netty\reactor-netty\0.9.0.M2\reactor-netty-0.9.0.M2.jar;C:\Users\ilona\.m2\repository\io\netty\netty-codec-http\4.1.36.Final\netty-codec-http-4.1.36.Final.jar;C:\Users\ilona\.m2\repository\io\netty\netty-common\4.1.36.Final\netty-common-4.1.36.Final.jar;C:\Users\ilona\.m2\repository\io\netty\netty-buffer\4.1.36.Final\netty-buffer-4.1.36.Final.jar;C:\Users\ilona\.m2\repository\io\netty\netty-transport\4.1.36.Final\netty-transport-4.1.36.Final.jar;C:\Users\ilona\.m2\repository\io\netty\netty-resolver\4.1.36.Final\netty-resolver-4.1.36.Final.jar;C:\Users\ilona\.m2\repository\io\netty\netty-codec\4.1.36.Final\netty-codec-4.1.36.Final.jar;C:\Users\ilona\.m2\repository\io\netty\netty-codec-http2\4.1.36.Final\netty-codec-http2-4.1.36.Final.jar;C:\Users\ilona\.m2\repository\io\netty\netty-handler\4.1.36.Final\netty-handler-4.1.36.Final.jar;C:\Users\ilona\.m2\repository\io\netty\netty-handler-proxy\4.1.36.Final\netty-handler-proxy-4.1.36.Final.jar;C:\Users\ilona\.m2\repository\io\netty\netty-codec-socks\4.1.36.Final\netty-codec-socks-4.1.36.Final.jar;C:\Users\ilona\.m2\repository\io\netty\netty-transport-native-epoll\4.1.36.Final\netty-transport-native-epoll-4.1.36.Final-linux-x86_64.jar;C:\Users\ilona\.m2\repository\io\netty\netty-transport-native-unix-common\4.1.36.Final\netty-transport-native-unix-common-4.1.36.Final.jar;C:\Users\ilona\.m2\repository\org\glassfish\jakarta.el\3.0.2\jakarta.el-3.0.2.jar;C:\Users\ilona\.m2\repository\org\springframework\spring-webflux\5.2.0.M3\spring-webflux-5.2.0.M3.jar;C:\Users\ilona\.m2\repository\org\springframework\boot\spring-boot-devtools\2.2.0.M4\spring-boot-devtools-2.2.0.M4.jar;C:\Users\ilona\.m2\repository\org\springframework\boot\spring-boot\2.2.0.M4\spring-boot-2.2.0.M4.jar;C:\Users\ilona\.m2\repository\org\springframework\boot\spring-boot-autoconfigure\2.2.0.M4\spring-boot-autoconfigure-2.2.0.M4.jar;C:\Users\ilona\.m2\repository\com\h2database\h2\1.4.199\h2-1.4.199.jar;C:\Users\ilona\.m2\repository\org\projectlombok\lombok\1.18.8\lombok-1.18.8.jar;C:\Users\ilona\.m2\repository\org\springframework\boot\spring-boot-starter-test\2.2.0.M4\spring-boot-starter-test-2.2.0.M4.jar;C:\Users\ilona\.m2\repository\org\springframework\boot\spring-boot-test\2.2.0.M4\spring-boot-test-2.2.0.M4.jar;C:\Users\ilona\.m2\repository\org\springframework\boot\spring-boot-test-autoconfigure\2.2.0.M4\spring-boot-test-autoconfigure-2.2.0.M4.jar;C:\Users\ilona\.m2\repository\com\jayway\jsonpath\json-path\2.4.0\json-path-2.4.0.jar;C:\Users\ilona\.m2\repository\net\minidev\json-smart\2.3\json-smart-2.3.jar;C:\Users\ilona\.m2\repository\net\minidev\accessors-smart\1.2\accessors-smart-1.2.jar;C:\Users\ilona\.m2\repository\org\ow2\asm\asm\5.0.4\asm-5.0.4.jar;C:\Users\ilona\.m2\repository\jakarta\xml\bind\jakarta.xml.bind-api\2.3.2\jakarta.xml.bind-api-2.3.2.jar;C:\Users\ilona\.m2\repository\jakarta\activation\jakarta.activation-api\1.2.1\jakarta.activation-api-1.2.1.jar;C:\Users\ilona\.m2\repository\org\junit\jupiter\junit-jupiter\5.4.2\junit-jupiter-5.4.2.jar;C:\Users\ilona\.m2\repository\org\junit\jupiter\junit-jupiter-api\5.4.2\junit-jupiter-api-5.4.2.jar;C:\Users\ilona\.m2\repository\org\apiguardian\apiguardian-api\1.0.0\apiguardian-api-1.0.0.jar;C:\Users\ilona\.m2\repository\org\opentest4j\opentest4j\1.1.1\opentest4j-1.1.1.jar;C:\Users\ilona\.m2\repository\org\junit\platform\junit-platform-commons\1.4.2\junit-platform-commons-1.4.2.jar;C:\Users\ilona\.m2\repository\org\junit\jupiter\junit-jupiter-params\5.4.2\junit-jupiter-params-5.4.2.jar;C:\Users\ilona\.m2\repository\org\junit\jupiter\junit-jupiter-engine\5.4.2\junit-jupiter-engine-5.4.2.jar;C:\Users\ilona\.m2\repository\org\junit\platform\junit-platform-engine\1.4.2\junit-platform-engine-1.4.2.jar;C:\Users\ilona\.m2\repository\org\mockito\mockito-junit-jupiter\2.28.2\mockito-junit-jupiter-2.28.2.jar;C:\Users\ilona\.m2\repository\org\assertj\assertj-core\3.12.2\assertj-core-3.12.2.jar;C:\Users\ilona\.m2\repository\org\hamcrest\hamcrest\2.1\hamcrest-2.1.jar;C:\Users\ilona\.m2\repository\org\mockito\mockito-core\2.28.2\mockito-core-2.28.2.jar;C:\Users\ilona\.m2\repository\net\bytebuddy\byte-buddy\1.9.13\byte-buddy-1.9.13.jar;C:\Users\ilona\.m2\repository\net\bytebuddy\byte-buddy-agent\1.9.13\byte-buddy-agent-1.9.13.jar;C:\Users\ilona\.m2\repository\org\objenesis\objenesis\2.6\objenesis-2.6.jar;C:\Users\ilona\.m2\repository\org\skyscreamer\jsonassert\1.5.0\jsonassert-1.5.0.jar;C:\Users\ilona\.m2\repository\com\vaadin\external\google\android-json\0.0.20131108.vaadin1\android-json-0.0.20131108.vaadin1.jar;C:\Users\ilona\.m2\repository\org\springframework\spring-core\5.2.0.M3\spring-core-5.2.0.M3.jar;C:\Users\ilona\.m2\repository\org\springframework\spring-jcl\5.2.0.M3\spring-jcl-5.2.0.M3.jar;C:\Users\ilona\.m2\repository\org\springframework\spring-test\5.2.0.M3\spring-test-5.2.0.M3.jar;C:\Users\ilona\.m2\repository\org\xmlunit\xmlunit-core\2.6.2\xmlunit-core-2.6.2.jar;C:\Users\ilona\.m2\repository\io\projectreactor\reactor-test\3.3.0.M2\reactor-test-3.3.0.M2.jar;C:\Users\ilona\.m2\repository\io\projectreactor\reactor-core\3.3.0.M2\reactor-core-3.3.0.M2.jar;C:\Users\ilona\.m2\repository\org\reactivestreams\reactive-streams\1.0.2\reactive-streams-1.0.2.jar;C:\Users\ilona\.m2\repository\org\springframework\cloud\spring-cloud-starter-contract-stub-runner\2.2.0.BUILD-SNAPSHOT\spring-cloud-starter-contract-stub-runner-2.2.0.BUILD-SNAPSHOT.jar;C:\Users\ilona\.m2\repository\org\springframework\cloud\spring-cloud-contract-stub-runner\2.2.0.BUILD-SNAPSHOT\spring-cloud-contract-stub-runner-2.2.0.BUILD-SNAPSHOT.jar;C:\Users\ilona\.m2\repository\org\springframework\cloud\spring-cloud-contract-verifier\2.2.0.BUILD-SNAPSHOT\spring-cloud-contract-verifier-2.2.0.BUILD-SNAPSHOT.jar;C:\Users\ilona\.m2\repository\javax\inject\javax.inject\1\javax.inject-1.jar;C:\Users\ilona\.m2\repository\com\toomuchcoding\jsonassert\jsonassert\0.4.13\jsonassert-0.4.13.jar;C:\Users\ilona\.m2\repository\com\rackspace\eclipse\webtools\sourceediting\org.eclipse.wst.xml.xpath2.processor\2.1.100\org.eclipse.wst.xml.xpath2.processor-2.1.100.jar;C:\Users\ilona\.m2\repository\edu\princeton\cup\java-cup\10k\java-cup-10k.jar;C:\Users\ilona\.m2\repository\com\ibm\icu\icu4j\4.6\icu4j-4.6.jar;C:\Users\ilona\.m2\repository\org\codehaus\groovy\groovy\2.5.7\groovy-2.5.7.jar;C:\Users\ilona\.m2\repository\org\codehaus\groovy\groovy-nio\2.5.7\groovy-nio-2.5.7.jar;C:\Users\ilona\.m2\repository\org\codehaus\groovy\groovy-json\2.5.7\groovy-json-2.5.7.jar;C:\Users\ilona\.m2\repository\org\codehaus\groovy\groovy-xml\2.5.7\groovy-xml-2.5.7.jar;C:\Users\ilona\.m2\repository\com\github\jknack\handlebars\4.1.2\handlebars-4.1.2.jar;C:\Users\ilona\.m2\repository\commons-beanutils\commons-beanutils\1.9.3\commons-beanutils-1.9.3.jar;C:\Users\ilona\.m2\repository\commons-logging\commons-logging\1.2\commons-logging-1.2.jar;C:\Users\ilona\.m2\repository\commons-collections\commons-collections\3.2.2\commons-collections-3.2.2.jar;C:\Users\ilona\.m2\repository\com\fasterxml\jackson\dataformat\jackson-dataformat-yaml\2.9.9\jackson-dataformat-yaml-2.9.9.jar;C:\Users\ilona\.m2\repository\org\springframework\cloud\spring-cloud-contract-shade\2.2.0.BUILD-SNAPSHOT\spring-cloud-contract-shade-2.2.0.BUILD-SNAPSHOT.jar;C:\Users\ilona\.m2\repository\org\springframework\cloud\spring-cloud-contract-spec\2.2.0.BUILD-SNAPSHOT\spring-cloud-contract-spec-2.2.0.BUILD-SNAPSHOT.jar;C:\Users\ilona\.m2\repository\org\springframework\cloud\spring-cloud-contract-spec-java\2.2.0.BUILD-SNAPSHOT\spring-cloud-contract-spec-java-2.2.0.BUILD-SNAPSHOT.jar;C:\Users\ilona\.m2\repository\dk\brics\automaton\automaton\1.11-8\automaton-1.11-8.jar;C:\Users\ilona\.m2\repository\org\apache\commons\commons-text\1.6\commons-text-1.6.jar;C:\Users\ilona\.m2\repository\org\apache\commons\commons-lang3\3.9\commons-lang3-3.9.jar;C:\Users\ilona\.m2\repository\org\springframework\cloud\spring-cloud-contract-spec-groovy\2.2.0.BUILD-SNAPSHOT\spring-cloud-contract-spec-groovy-2.2.0.BUILD-SNAPSHOT.jar;C:\Users\ilona\.m2\repository\junit\junit\4.12\junit-4.12.jar;C:\Users\ilona\.m2\repository\org\hamcrest\hamcrest-core\2.1\hamcrest-core-2.1.jar;C:\Users\ilona\.m2\repository\org\eclipse\jgit\org.eclipse.jgit\5.1.3.201810200350-r\org.eclipse.jgit-5.1.3.201810200350-r.jar;C:\Users\ilona\.m2\repository\com\jcraft\jsch\0.1.54\jsch-0.1.54.jar;C:\Users\ilona\.m2\repository\com\jcraft\jzlib\1.1.1\jzlib-1.1.1.jar;C:\Users\ilona\.m2\repository\com\googlecode\javaewah\JavaEWAH\1.1.6\JavaEWAH-1.1.6.jar;C:\Users\ilona\.m2\repository\com\jcraft\jsch.agentproxy.sshagent\0.0.9\jsch.agentproxy.sshagent-0.0.9.jar;C:\Users\ilona\.m2\repository\com\jcraft\jsch.agentproxy.core\0.0.9\jsch.agentproxy.core-0.0.9.jar;C:\Users\ilona\.m2\repository\com\jcraft\jsch.agentproxy.jsch\0.0.9\jsch.agentproxy.jsch-0.0.9.jar;C:\Users\ilona\.m2\repository\com\jcraft\jsch.agentproxy.usocket-jna\0.0.9\jsch.agentproxy.usocket-jna-0.0.9.jar;C:\Users\ilona\.m2\repository\net\java\dev\jna\jna\4.5.2\jna-4.5.2.jar;C:\Users\ilona\.m2\repository\net\java\dev\jna\jna-platform\4.5.2\jna-platform-4.5.2.jar;C:\Users\ilona\.m2\repository\org\springframework\cloud\spring-cloud-contract-wiremock\2.2.0.BUILD-SNAPSHOT\spring-cloud-contract-wiremock-2.2.0.BUILD-SNAPSHOT.jar;C:\Users\ilona\.m2\repository\com\github\tomakehurst\wiremock-jre8-standalone\2.23.2\wiremock-jre8-standalone-2.23.2.jar;C:\Users\ilona\.m2\repository\org\apache\httpcomponents\httpclient\4.5.9\httpclient-4.5.9.jar;C:\Users\ilona\.m2\repository\org\apache\httpcomponents\httpcore\4.4.11\httpcore-4.4.11.jar;C:\Users\ilona\.m2\repository\commons-codec\commons-codec\1.12\commons-codec-1.12.jar;C:\Users\ilona\.m2\repository\org\eclipse\aether\aether-api\1.1.0\aether-api-1.1.0.jar;"/>
    <property name="java.vm.vendor" value="AdoptOpenJDK"/>
    <property name="sun.arch.data.model" value="64"/>
    <property name="user.variant" value=""/>
    <property name="java.vendor.url" value="https://adoptopenjdk.net/"/>
    <property name="user.timezone" value="Europe/Bucharest"/>
    <property name="os.name" value="Windows 10"/>
    <property name="java.vm.specification.version" value="12"/>
    <property name="sun.java.launcher" value="SUN_STANDARD"/>
    <property name="user.country" value="GB"/>
    <property name="sun.boot.library.path" value="C:\Users\ilona\scoop\apps\adoptopenjdk-hotspot\current\bin"/>
    <property name="sun.java.command" value="C:\Users\ilona\AppData\Local\Temp\surefire5296845739614540065\surefirebooter9328676452760760148.jar C:\Users\ilona\AppData\Local\Temp\surefire5296845739614540065 2019-07-09T10-25-48_570-jvmRun1 surefire4356768689510092234tmp surefire_08171597466248308174tmp"/>
    <property name="jdk.debug" value="release"/>
    <property name="surefire.test.class.path" value="C:\Users\ilona\internship-java\demoli\target\test-classes;C:\Users\ilona\internship-java\demoli\target\classes;C:\Users\ilona\.m2\repository\org\springframework\boot\spring-boot-starter-data-rest\2.2.0.M4\spring-boot-starter-data-rest-2.2.0.M4.jar;C:\Users\ilona\.m2\repository\org\springframework\data\spring-data-rest-webmvc\3.2.0.RC1\spring-data-rest-webmvc-3.2.0.RC1.jar;C:\Users\ilona\.m2\repository\org\springframework\data\spring-data-rest-core\3.2.0.RC1\spring-data-rest-core-3.2.0.RC1.jar;C:\Users\ilona\.m2\repository\org\springframework\spring-tx\5.2.0.M3\spring-tx-5.2.0.M3.jar;C:\Users\ilona\.m2\repository\org\springframework\hateoas\spring-hateoas\1.0.0.M3\spring-hateoas-1.0.0.M3.jar;C:\Users\ilona\.m2\repository\org\springframework\data\spring-data-commons\2.2.0.RC1\spring-data-commons-2.2.0.RC1.jar;C:\Users\ilona\.m2\repository\org\springframework\plugin\spring-plugin-core\2.0.0.M1\spring-plugin-core-2.0.0.M1.jar;C:\Users\ilona\.m2\repository\org\atteo\evo-inflector\1.2.2\evo-inflector-1.2.2.jar;C:\Users\ilona\.m2\repository\com\fasterxml\jackson\core\jackson-databind\2.9.9\jackson-databind-2.9.9.jar;C:\Users\ilona\.m2\repository\com\fasterxml\jackson\core\jackson-core\2.9.9\jackson-core-2.9.9.jar;C:\Users\ilona\.m2\repository\com\fasterxml\jackson\core\jackson-annotations\2.9.0\jackson-annotations-2.9.0.jar;C:\Users\ilona\.m2\repository\org\slf4j\slf4j-api\1.7.26\slf4j-api-1.7.26.jar;C:\Users\ilona\.m2\repository\org\springframework\boot\spring-boot-starter-freemarker\2.2.0.M4\spring-boot-starter-freemarker-2.2.0.M4.jar;C:\Users\ilona\.m2\repository\org\springframework\boot\spring-boot-starter\2.2.0.M4\spring-boot-starter-2.2.0.M4.jar;C:\Users\ilona\.m2\repository\org\springframework\boot\spring-boot-starter-logging\2.2.0.M4\spring-boot-starter-logging-2.2.0.M4.jar;C:\Users\ilona\.m2\repository\ch\qos\logback\logback-classic\1.2.3\logback-classic-1.2.3.jar;C:\Users\ilona\.m2\repository\ch\qos\logback\logback-core\1.2.3\logback-core-1.2.3.jar;C:\Users\ilona\.m2\repository\org\apache\logging\log4j\log4j-to-slf4j\2.11.2\log4j-to-slf4j-2.11.2.jar;C:\Users\ilona\.m2\repository\org\apache\logging\log4j\log4j-api\2.11.2\log4j-api-2.11.2.jar;C:\Users\ilona\.m2\repository\org\slf4j\jul-to-slf4j\1.7.26\jul-to-slf4j-1.7.26.jar;C:\Users\ilona\.m2\repository\jakarta\annotation\jakarta.annotation-api\1.3.4\jakarta.annotation-api-1.3.4.jar;C:\Users\ilona\.m2\repository\org\yaml\snakeyaml\1.24\snakeyaml-1.24.jar;C:\Users\ilona\.m2\repository\org\freemarker\freemarker\2.3.28\freemarker-2.3.28.jar;C:\Users\ilona\.m2\repository\org\springframework\spring-context-support\5.2.0.M3\spring-context-support-5.2.0.M3.jar;C:\Users\ilona\.m2\repository\org\springframework\spring-beans\5.2.0.M3\spring-beans-5.2.0.M3.jar;C:\Users\ilona\.m2\repository\org\springframework\spring-context\5.2.0.M3\spring-context-5.2.0.M3.jar;C:\Users\ilona\.m2\repository\org\springframework\boot\spring-boot-starter-web\2.2.0.M4\spring-boot-starter-web-2.2.0.M4.jar;C:\Users\ilona\.m2\repository\org\springframework\boot\spring-boot-starter-json\2.2.0.M4\spring-boot-starter-json-2.2.0.M4.jar;C:\Users\ilona\.m2\repository\com\fasterxml\jackson\datatype\jackson-datatype-jdk8\2.9.9\jackson-datatype-jdk8-2.9.9.jar;C:\Users\ilona\.m2\repository\com\fasterxml\jackson\datatype\jackson-datatype-jsr310\2.9.9\jackson-datatype-jsr310-2.9.9.jar;C:\Users\ilona\.m2\repository\com\fasterxml\jackson\module\jackson-module-parameter-names\2.9.9\jackson-module-parameter-names-2.9.9.jar;C:\Users\ilona\.m2\repository\org\springframework\boot\spring-boot-starter-tomcat\2.2.0.M4\spring-boot-starter-tomcat-2.2.0.M4.jar;C:\Users\ilona\.m2\repository\org\apache\tomcat\embed\tomcat-embed-core\9.0.21\tomcat-embed-core-9.0.21.jar;C:\Users\ilona\.m2\repository\org\apache\tomcat\embed\tomcat-embed-el\9.0.21\tomcat-embed-el-9.0.21.jar;C:\Users\ilona\.m2\repository\org\apache\tomcat\embed\tomcat-embed-websocket\9.0.21\tomcat-embed-websocket-9.0.21.jar;C:\Users\ilona\.m2\repository\org\springframework\boot\spring-boot-starter-validation\2.2.0.M4\spring-boot-starter-validation-2.2.0.M4.jar;C:\Users\ilona\.m2\repository\jakarta\validation\jakarta.validation-api\2.0.1\jakarta.validation-api-2.0.1.jar;C:\Users\ilona\.m2\repository\org\hibernate\validator\hibernate-validator\6.0.17.Final\hibernate-validator-6.0.17.Final.jar;C:\Users\ilona\.m2\repository\org\jboss\logging\jboss-logging\3.4.0.Final\jboss-logging-3.4.0.Final.jar;C:\Users\ilona\.m2\repository\com\fasterxml\classmate\1.5.0\classmate-1.5.0.jar;C:\Users\ilona\.m2\repository\org\springframework\spring-web\5.2.0.M3\spring-web-5.2.0.M3.jar;C:\Users\ilona\.m2\repository\org\springframework\spring-webmvc\5.2.0.M3\spring-webmvc-5.2.0.M3.jar;C:\Users\ilona\.m2\repository\org\springframework\spring-aop\5.2.0.M3\spring-aop-5.2.0.M3.jar;C:\Users\ilona\.m2\repository\org\springframework\spring-expression\5.2.0.M3\spring-expression-5.2.0.M3.jar;C:\Users\ilona\.m2\repository\org\springframework\boot\spring-boot-starter-webflux\2.2.0.M4\spring-boot-starter-webflux-2.2.0.M4.jar;C:\Users\ilona\.m2\repository\org\springframework\boot\spring-boot-starter-reactor-netty\2.2.0.M4\spring-boot-starter-reactor-netty-2.2.0.M4.jar;C:\Users\ilona\.m2\repository\io\projectreactor\netty\reactor-netty\0.9.0.M2\reactor-netty-0.9.0.M2.jar;C:\Users\ilona\.m2\repository\io\netty\netty-codec-http\4.1.36.Final\netty-codec-http-4.1.36.Final.jar;C:\Users\ilona\.m2\repository\io\netty\netty-common\4.1.36.Final\netty-common-4.1.36.Final.jar;C:\Users\ilona\.m2\repository\io\netty\netty-buffer\4.1.36.Final\netty-buffer-4.1.36.Final.jar;C:\Users\ilona\.m2\repository\io\netty\netty-transport\4.1.36.Final\netty-transport-4.1.36.Final.jar;C:\Users\ilona\.m2\repository\io\netty\netty-resolver\4.1.36.Final\netty-resolver-4.1.36.Final.jar;C:\Users\ilona\.m2\repository\io\netty\netty-codec\4.1.36.Final\netty-codec-4.1.36.Final.jar;C:\Users\ilona\.m2\repository\io\netty\netty-codec-http2\4.1.36.Final\netty-codec-http2-4.1.36.Final.jar;C:\Users\ilona\.m2\repository\io\netty\netty-handler\4.1.36.Final\netty-handler-4.1.36.Final.jar;C:\Users\ilona\.m2\repository\io\netty\netty-handler-proxy\4.1.36.Final\netty-handler-proxy-4.1.36.Final.jar;C:\Users\ilona\.m2\repository\io\netty\netty-codec-socks\4.1.36.Final\netty-codec-socks-4.1.36.Final.jar;C:\Users\ilona\.m2\repository\io\netty\netty-transport-native-epoll\4.1.36.Final\netty-transport-native-epoll-4.1.36.Final-linux-x86_64.jar;C:\Users\ilona\.m2\repository\io\netty\netty-transport-native-unix-common\4.1.36.Final\netty-transport-native-unix-common-4.1.36.Final.jar;C:\Users\ilona\.m2\repository\org\glassfish\jakarta.el\3.0.2\jakarta.el-3.0.2.jar;C:\Users\ilona\.m2\repository\org\springframework\spring-webflux\5.2.0.M3\spring-webflux-5.2.0.M3.jar;C:\Users\ilona\.m2\repository\org\springframework\boot\spring-boot-devtools\2.2.0.M4\spring-boot-devtools-2.2.0.M4.jar;C:\Users\ilona\.m2\repository\org\springframework\boot\spring-boot\2.2.0.M4\spring-boot-2.2.0.M4.jar;C:\Users\ilona\.m2\repository\org\springframework\boot\spring-boot-autoconfigure\2.2.0.M4\spring-boot-autoconfigure-2.2.0.M4.jar;C:\Users\ilona\.m2\repository\com\h2database\h2\1.4.199\h2-1.4.199.jar;C:\Users\ilona\.m2\repository\org\projectlombok\lombok\1.18.8\lombok-1.18.8.jar;C:\Users\ilona\.m2\repository\org\springframework\boot\spring-boot-starter-test\2.2.0.M4\spring-boot-starter-test-2.2.0.M4.jar;C:\Users\ilona\.m2\repository\org\springframework\boot\spring-boot-test\2.2.0.M4\spring-boot-test-2.2.0.M4.jar;C:\Users\ilona\.m2\repository\org\springframework\boot\spring-boot-test-autoconfigure\2.2.0.M4\spring-boot-test-autoconfigure-2.2.0.M4.jar;C:\Users\ilona\.m2\repository\com\jayway\jsonpath\json-path\2.4.0\json-path-2.4.0.jar;C:\Users\ilona\.m2\repository\net\minidev\json-smart\2.3\json-smart-2.3.jar;C:\Users\ilona\.m2\repository\net\minidev\accessors-smart\1.2\accessors-smart-1.2.jar;C:\Users\ilona\.m2\repository\org\ow2\asm\asm\5.0.4\asm-5.0.4.jar;C:\Users\ilona\.m2\repository\jakarta\xml\bind\jakarta.xml.bind-api\2.3.2\jakarta.xml.bind-api-2.3.2.jar;C:\Users\ilona\.m2\repository\jakarta\activation\jakarta.activation-api\1.2.1\jakarta.activation-api-1.2.1.jar;C:\Users\ilona\.m2\repository\org\junit\jupiter\junit-jupiter\5.4.2\junit-jupiter-5.4.2.jar;C:\Users\ilona\.m2\repository\org\junit\jupiter\junit-jupiter-api\5.4.2\junit-jupiter-api-5.4.2.jar;C:\Users\ilona\.m2\repository\org\apiguardian\apiguardian-api\1.0.0\apiguardian-api-1.0.0.jar;C:\Users\ilona\.m2\repository\org\opentest4j\opentest4j\1.1.1\opentest4j-1.1.1.jar;C:\Users\ilona\.m2\repository\org\junit\platform\junit-platform-commons\1.4.2\junit-platform-commons-1.4.2.jar;C:\Users\ilona\.m2\repository\org\junit\jupiter\junit-jupiter-params\5.4.2\junit-jupiter-params-5.4.2.jar;C:\Users\ilona\.m2\repository\org\junit\jupiter\junit-jupiter-engine\5.4.2\junit-jupiter-engine-5.4.2.jar;C:\Users\ilona\.m2\repository\org\junit\platform\junit-platform-engine\1.4.2\junit-platform-engine-1.4.2.jar;C:\Users\ilona\.m2\repository\org\mockito\mockito-junit-jupiter\2.28.2\mockito-junit-jupiter-2.28.2.jar;C:\Users\ilona\.m2\repository\org\assertj\assertj-core\3.12.2\assertj-core-3.12.2.jar;C:\Users\ilona\.m2\repository\org\hamcrest\hamcrest\2.1\hamcrest-2.1.jar;C:\Users\ilona\.m2\repository\org\mockito\mockito-core\2.28.2\mockito-core-2.28.2.jar;C:\Users\ilona\.m2\repository\net\bytebuddy\byte-buddy\1.9.13\byte-buddy-1.9.13.jar;C:\Users\ilona\.m2\repository\net\bytebuddy\byte-buddy-agent\1.9.13\byte-buddy-agent-1.9.13.jar;C:\Users\ilona\.m2\repository\org\objenesis\objenesis\2.6\objenesis-2.6.jar;C:\Users\ilona\.m2\repository\org\skyscreamer\jsonassert\1.5.0\jsonassert-1.5.0.jar;C:\Users\ilona\.m2\repository\com\vaadin\external\google\android-json\0.0.20131108.vaadin1\android-json-0.0.20131108.vaadin1.jar;C:\Users\ilona\.m2\repository\org\springframework\spring-core\5.2.0.M3\spring-core-5.2.0.M3.jar;C:\Users\ilona\.m2\repository\org\springframework\spring-jcl\5.2.0.M3\spring-jcl-5.2.0.M3.jar;C:\Users\ilona\.m2\repository\org\springframework\spring-test\5.2.0.M3\spring-test-5.2.0.M3.jar;C:\Users\ilona\.m2\repository\org\xmlunit\xmlunit-core\2.6.2\xmlunit-core-2.6.2.jar;C:\Users\ilona\.m2\repository\io\projectreactor\reactor-test\3.3.0.M2\reactor-test-3.3.0.M2.jar;C:\Users\ilona\.m2\repository\io\projectreactor\reactor-core\3.3.0.M2\reactor-core-3.3.0.M2.jar;C:\Users\ilona\.m2\repository\org\reactivestreams\reactive-streams\1.0.2\reactive-streams-1.0.2.jar;C:\Users\ilona\.m2\repository\org\springframework\cloud\spring-cloud-starter-contract-stub-runner\2.2.0.BUILD-SNAPSHOT\spring-cloud-starter-contract-stub-runner-2.2.0.BUILD-SNAPSHOT.jar;C:\Users\ilona\.m2\repository\org\springframework\cloud\spring-cloud-contract-stub-runner\2.2.0.BUILD-SNAPSHOT\spring-cloud-contract-stub-runner-2.2.0.BUILD-SNAPSHOT.jar;C:\Users\ilona\.m2\repository\org\springframework\cloud\spring-cloud-contract-verifier\2.2.0.BUILD-SNAPSHOT\spring-cloud-contract-verifier-2.2.0.BUILD-SNAPSHOT.jar;C:\Users\ilona\.m2\repository\javax\inject\javax.inject\1\javax.inject-1.jar;C:\Users\ilona\.m2\repository\com\toomuchcoding\jsonassert\jsonassert\0.4.13\jsonassert-0.4.13.jar;C:\Users\ilona\.m2\repository\com\rackspace\eclipse\webtools\sourceediting\org.eclipse.wst.xml.xpath2.processor\2.1.100\org.eclipse.wst.xml.xpath2.processor-2.1.100.jar;C:\Users\ilona\.m2\repository\edu\princeton\cup\java-cup\10k\java-cup-10k.jar;C:\Users\ilona\.m2\repository\com\ibm\icu\icu4j\4.6\icu4j-4.6.jar;C:\Users\ilona\.m2\repository\org\codehaus\groovy\groovy\2.5.7\groovy-2.5.7.jar;C:\Users\ilona\.m2\repository\org\codehaus\groovy\groovy-nio\2.5.7\groovy-nio-2.5.7.jar;C:\Users\ilona\.m2\repository\org\codehaus\groovy\groovy-json\2.5.7\groovy-json-2.5.7.jar;C:\Users\ilona\.m2\repository\org\codehaus\groovy\groovy-xml\2.5.7\groovy-xml-2.5.7.jar;C:\Users\ilona\.m2\repository\com\github\jknack\handlebars\4.1.2\handlebars-4.1.2.jar;C:\Users\ilona\.m2\repository\commons-beanutils\commons-beanutils\1.9.3\commons-beanutils-1.9.3.jar;C:\Users\ilona\.m2\repository\commons-logging\commons-logging\1.2\commons-logging-1.2.jar;C:\Users\ilona\.m2\repository\commons-collections\commons-collections\3.2.2\commons-collections-3.2.2.jar;C:\Users\ilona\.m2\repository\com\fasterxml\jackson\dataformat\jackson-dataformat-yaml\2.9.9\jackson-dataformat-yaml-2.9.9.jar;C:\Users\ilona\.m2\repository\org\springframework\cloud\spring-cloud-contract-shade\2.2.0.BUILD-SNAPSHOT\spring-cloud-contract-shade-2.2.0.BUILD-SNAPSHOT.jar;C:\Users\ilona\.m2\repository\org\springframework\cloud\spring-cloud-contract-spec\2.2.0.BUILD-SNAPSHOT\spring-cloud-contract-spec-2.2.0.BUILD-SNAPSHOT.jar;C:\Users\ilona\.m2\repository\org\springframework\cloud\spring-cloud-contract-spec-java\2.2.0.BUILD-SNAPSHOT\spring-cloud-contract-spec-java-2.2.0.BUILD-SNAPSHOT.jar;C:\Users\ilona\.m2\repository\dk\brics\automaton\automaton\1.11-8\automaton-1.11-8.jar;C:\Users\ilona\.m2\repository\org\apache\commons\commons-text\1.6\commons-text-1.6.jar;C:\Users\ilona\.m2\repository\org\apache\commons\commons-lang3\3.9\commons-lang3-3.9.jar;C:\Users\ilona\.m2\repository\org\springframework\cloud\spring-cloud-contract-spec-groovy\2.2.0.BUILD-SNAPSHOT\spring-cloud-contract-spec-groovy-2.2.0.BUILD-SNAPSHOT.jar;C:\Users\ilona\.m2\repository\junit\junit\4.12\junit-4.12.jar;C:\Users\ilona\.m2\repository\org\hamcrest\hamcrest-core\2.1\hamcrest-core-2.1.jar;C:\Users\ilona\.m2\repository\org\eclipse\jgit\org.eclipse.jgit\5.1.3.201810200350-r\org.eclipse.jgit-5.1.3.201810200350-r.jar;C:\Users\ilona\.m2\repository\com\jcraft\jsch\0.1.54\jsch-0.1.54.jar;C:\Users\ilona\.m2\repository\com\jcraft\jzlib\1.1.1\jzlib-1.1.1.jar;C:\Users\ilona\.m2\repository\com\googlecode\javaewah\JavaEWAH\1.1.6\JavaEWAH-1.1.6.jar;C:\Users\ilona\.m2\repository\com\jcraft\jsch.agentproxy.sshagent\0.0.9\jsch.agentproxy.sshagent-0.0.9.jar;C:\Users\ilona\.m2\repository\com\jcraft\jsch.agentproxy.core\0.0.9\jsch.agentproxy.core-0.0.9.jar;C:\Users\ilona\.m2\repository\com\jcraft\jsch.agentproxy.jsch\0.0.9\jsch.agentproxy.jsch-0.0.9.jar;C:\Users\ilona\.m2\repository\com\jcraft\jsch.agentproxy.usocket-jna\0.0.9\jsch.agentproxy.usocket-jna-0.0.9.jar;C:\Users\ilona\.m2\repository\net\java\dev\jna\jna\4.5.2\jna-4.5.2.jar;C:\Users\ilona\.m2\repository\net\java\dev\jna\jna-platform\4.5.2\jna-platform-4.5.2.jar;C:\Users\ilona\.m2\repository\org\springframework\cloud\spring-cloud-contract-wiremock\2.2.0.BUILD-SNAPSHOT\spring-cloud-contract-wiremock-2.2.0.BUILD-SNAPSHOT.jar;C:\Users\ilona\.m2\repository\com\github\tomakehurst\wiremock-jre8-standalone\2.23.2\wiremock-jre8-standalone-2.23.2.jar;C:\Users\ilona\.m2\repository\org\apache\httpcomponents\httpclient\4.5.9\httpclient-4.5.9.jar;C:\Users\ilona\.m2\repository\org\apache\httpcomponents\httpcore\4.4.11\httpcore-4.4.11.jar;C:\Users\ilona\.m2\repository\commons-codec\commons-codec\1.12\commons-codec-1.12.jar;C:\Users\ilona\.m2\repository\org\eclipse\aether\aether-api\1.1.0\aether-api-1.1.0.jar;"/>
    <property name="sun.cpu.endian" value="little"/>
    <property name="user.home" value="C:\Users\ilona"/>
    <property name="user.language" value="en"/>
    <property name="java.specification.vendor" value="Oracle Corporation"/>
    <property name="java.version.date" value="2019-04-16"/>
    <property name="java.home" value="C:\Users\ilona\scoop\apps\adoptopenjdk-hotspot\current"/>
    <property name="file.separator" value="\"/>
    <property name="basedir" value="C:\Users\ilona\internship-java\demoli"/>
    <property name="java.vm.compressedOopsMode" value="32-bit"/>
    <property name="line.separator" value="&#10;"/>
    <property name="java.vm.specification.vendor" value="Oracle Corporation"/>
    <property name="java.specification.name" value="Java Platform API Specification"/>
    <property name="java.awt.graphicsenv" value="sun.awt.Win32GraphicsEnvironment"/>
    <property name="surefire.real.class.path" value="C:\Users\ilona\AppData\Local\Temp\surefire5296845739614540065\surefirebooter9328676452760760148.jar"/>
    <property name="user.script" value=""/>
    <property name="sun.management.compiler" value="HotSpot 64-Bit Tiered Compilers"/>
    <property name="java.runtime.version" value="12.0.1+12"/>
    <property name="user.name" value="ilona"/>
    <property name="path.separator" value=";"/>
    <property name="os.version" value="10.0"/>
    <property name="java.runtime.name" value="OpenJDK Runtime Environment"/>
    <property name="file.encoding" value="Cp1252"/>
    <property name="java.vm.name" value="OpenJDK 64-Bit Server VM"/>
    <property name="java.vendor.version" value="AdoptOpenJDK"/>
    <property name="localRepository" value="C:\Users\ilona\.m2\repository"/>
    <property name="java.vendor.url.bug" value="https://github.com/AdoptOpenJDK/openjdk-build/issues"/>
    <property name="java.io.tmpdir" value="C:\Users\ilona\AppData\Local\Temp\"/>
    <property name="java.version" value="12.0.1"/>
    <property name="user.dir" value="C:\Users\ilona\internship-java\demoli"/>
    <property name="os.arch" value="amd64"/>
    <property name="java.vm.specification.name" value="Java Virtual Machine Specification"/>
    <property name="sun.os.patch.level" value=""/>
    <property name="java.library.path" value="C:\Users\ilona\scoop\apps\adoptopenjdk-hotspot\current\bin;C:\WINDOWS\Sun\Java\bin;C:\WINDOWS\system32;C:\WINDOWS;C:\ProgramData\Oracle\Java\javapath;C:\Program Files (x86)\Intel\iCLS Client\;C:\Program Files\Intel\iCLS Client\;C:\WINDOWS\system32;C:\WINDOWS;C:\WINDOWS\System32\Wbem;C:\WINDOWS\System32\WindowsPowerShell\v1.0\;C:\Program Files (x86)\Intel\Intel(R) Management Engine Components\DAL;C:\Program Files\Intel\Intel(R) Management Engine Components\DAL;C:\Program Files (x86)\Intel\Intel(R) Management Engine Components\IPT;C:\Program Files\Intel\Intel(R) Management Engine Components\IPT;C:\WINDOWS\System32\OpenSSH\;C:\TDM-GCC-64\bin;C:\Users\ilona\OneDrive\Documents\bin;C:\Program Files\Intel\WiFi\bin\;C:\Program Files\Common Files\Intel\WirelessCommon\;C:\Program Files\nodejs\;C:\Users\ilona\scoop\apps\idea\current\bin;C:\Users\ilona\scoop\apps\maven\current\bin;C:\Users\ilona\scoop\apps\adoptopenjdk-hotspot\current\bin;C:\Users\ilona\scoop\shims;C:\Users\ilona\AppData\Local\Microsoft\WindowsApps;C:\Users\ilona\AppData\Roaming\npm;."/>
    <property name="java.vm.info" value="mixed mode, sharing"/>
    <property name="java.vendor" value="AdoptOpenJDK"/>
    <property name="java.vm.version" value="12.0.1+12"/>
    <property name="sun.io.unicode.encoding" value="UnicodeLittle"/>
    <property name="java.class.version" value="56.0"/>
  </properties>
  <testcase name="contextLoads" classname="com.example.demoli.DemooliApplicationTests" time="0.626"/>
</testsuite>